<?xml version="1.0" encoding="UTF-8"?>
<!-- Generated by org.testng.reporters.JUnitReportReporter -->
<testsuite skipped="0" hostname="LAPTOP-M4FF878A" name="koovsdemo.methodwithkoovs" tests="3" failures="0" timestamp="18 Feb 2019 04:30:24 GMT" time="77.987" errors="0">
  <testcase name="SelectWomen" time="1.089" classname="koovsdemo.methodwithkoovs"/>
  <testcase name="homepage" time="72.499" classname="koovsdemo.methodwithkoovs"/>
  <testcase name="Selectdress" time="4.399" classname="koovsdemo.methodwithkoovs"/>
</testsuite> <!-- koovsdemo.methodwithkoovs -->
